<?xml version="1.0" encoding="UTF-8"?>
<testsuites>
  <testsuite name="" tests="22" assertions="66" errors="0" warnings="0" failures="0" skipped="0" time="0.038869">
    <testsuite name="Project Test Suite" tests="22" assertions="66" errors="0" warnings="0" failures="0" skipped="0" time="0.038869">
      <testsuite name="App\Card\CardGraphicObjectTest" file="/Users/julianilsson/dbwebb-kurser/mvc/me/report/tests/Card/CardGraphicObjectTest.php" tests="5" assertions="10" errors="0" warnings="0" failures="0" skipped="0" time="0.009038">
        <testcase name="testgetAsStringNoValue" class="App\Card\CardGraphicObjectTest" classname="App.Card.CardGraphicObjectTest" file="/Users/julianilsson/dbwebb-kurser/mvc/me/report/tests/Card/CardGraphicObjectTest.php" line="16" assertions="2" time="0.007279"/>
        <testcase name="testgetAsStringValueRuter" class="App\Card\CardGraphicObjectTest" classname="App.Card.CardGraphicObjectTest" file="/Users/julianilsson/dbwebb-kurser/mvc/me/report/tests/Card/CardGraphicObjectTest.php" line="27" assertions="2" time="0.000788"/>
        <testcase name="testgetAsStringValueSpader" class="App\Card\CardGraphicObjectTest" classname="App.Card.CardGraphicObjectTest" file="/Users/julianilsson/dbwebb-kurser/mvc/me/report/tests/Card/CardGraphicObjectTest.php" line="41" assertions="2" time="0.000301"/>
        <testcase name="testgetAsStringValueHjarter" class="App\Card\CardGraphicObjectTest" classname="App.Card.CardGraphicObjectTest" file="/Users/julianilsson/dbwebb-kurser/mvc/me/report/tests/Card/CardGraphicObjectTest.php" line="55" assertions="2" time="0.000364"/>
        <testcase name="testgetAsStringValueKlover" class="App\Card\CardGraphicObjectTest" classname="App.Card.CardGraphicObjectTest" file="/Users/julianilsson/dbwebb-kurser/mvc/me/report/tests/Card/CardGraphicObjectTest.php" line="69" assertions="2" time="0.000306"/>
      </testsuite>
      <testsuite name="App\Card\CardHandObjectTest" file="/Users/julianilsson/dbwebb-kurser/mvc/me/report/tests/Card/CardHandObjectTest.php" tests="4" assertions="19" errors="0" warnings="0" failures="0" skipped="0" time="0.004821">
        <testcase name="testGetNumberCards" class="App\Card\CardHandObjectTest" classname="App.Card.CardHandObjectTest" file="/Users/julianilsson/dbwebb-kurser/mvc/me/report/tests/Card/CardHandObjectTest.php" line="16" assertions="3" time="0.001229"/>
        <testcase name="testBankHand" class="App\Card\CardHandObjectTest" classname="App.Card.CardHandObjectTest" file="/Users/julianilsson/dbwebb-kurser/mvc/me/report/tests/Card/CardHandObjectTest.php" line="35" assertions="3" time="0.002352"/>
        <testcase name="testGetWinner" class="App\Card\CardHandObjectTest" classname="App.Card.CardHandObjectTest" file="/Users/julianilsson/dbwebb-kurser/mvc/me/report/tests/Card/CardHandObjectTest.php" line="50" assertions="7" time="0.000843"/>
        <testcase name="testGetScoreHand" class="App\Card\CardHandObjectTest" classname="App.Card.CardHandObjectTest" file="/Users/julianilsson/dbwebb-kurser/mvc/me/report/tests/Card/CardHandObjectTest.php" line="77" assertions="6" time="0.000397"/>
      </testsuite>
      <testsuite name="App\Card\CardObjectTest" file="/Users/julianilsson/dbwebb-kurser/mvc/me/report/tests/Card/CardObjectTest.php" tests="7" assertions="15" errors="0" warnings="0" failures="0" skipped="0" time="0.002349">
        <testcase name="testStringReturned" class="App\Card\CardObjectTest" classname="App.Card.CardObjectTest" file="/Users/julianilsson/dbwebb-kurser/mvc/me/report/tests/Card/CardObjectTest.php" line="16" assertions="2" time="0.000281"/>
        <testcase name="testAddValue" class="App\Card\CardObjectTest" classname="App.Card.CardObjectTest" file="/Users/julianilsson/dbwebb-kurser/mvc/me/report/tests/Card/CardObjectTest.php" line="27" assertions="2" time="0.000277"/>
        <testcase name="testDrawCard" class="App\Card\CardObjectTest" classname="App.Card.CardObjectTest" file="/Users/julianilsson/dbwebb-kurser/mvc/me/report/tests/Card/CardObjectTest.php" line="40" assertions="2" time="0.000297"/>
        <testcase name="testgetValue" class="App\Card\CardObjectTest" classname="App.Card.CardObjectTest" file="/Users/julianilsson/dbwebb-kurser/mvc/me/report/tests/Card/CardObjectTest.php" line="51" assertions="2" time="0.000282"/>
        <testcase name="testgetValueString" class="App\Card\CardObjectTest" classname="App.Card.CardObjectTest" file="/Users/julianilsson/dbwebb-kurser/mvc/me/report/tests/Card/CardObjectTest.php" line="65" assertions="2" time="0.000278"/>
        <testcase name="testgetColor" class="App\Card\CardObjectTest" classname="App.Card.CardObjectTest" file="/Users/julianilsson/dbwebb-kurser/mvc/me/report/tests/Card/CardObjectTest.php" line="79" assertions="2" time="0.000287"/>
        <testcase name="testDrawCardDeck" class="App\Card\CardObjectTest" classname="App.Card.CardObjectTest" file="/Users/julianilsson/dbwebb-kurser/mvc/me/report/tests/Card/CardObjectTest.php" line="93" assertions="3" time="0.000647"/>
      </testsuite>
      <testsuite name="App\Card\DeckOfCardsObjectTest" file="/Users/julianilsson/dbwebb-kurser/mvc/me/report/tests/Card/DeckOfCardsObjectTest.php" tests="3" assertions="9" errors="0" warnings="0" failures="0" skipped="0" time="0.006260">
        <testcase name="testShuffleDeck" class="App\Card\DeckOfCardsObjectTest" classname="App.Card.DeckOfCardsObjectTest" file="/Users/julianilsson/dbwebb-kurser/mvc/me/report/tests/Card/DeckOfCardsObjectTest.php" line="17" assertions="3" time="0.004111"/>
        <testcase name="testNumberCards" class="App\Card\DeckOfCardsObjectTest" classname="App.Card.DeckOfCardsObjectTest" file="/Users/julianilsson/dbwebb-kurser/mvc/me/report/tests/Card/DeckOfCardsObjectTest.php" line="33" assertions="2" time="0.000518"/>
        <testcase name="testUpdateDeck" class="App\Card\DeckOfCardsObjectTest" classname="App.Card.DeckOfCardsObjectTest" file="/Users/julianilsson/dbwebb-kurser/mvc/me/report/tests/Card/DeckOfCardsObjectTest.php" line="46" assertions="4" time="0.001631"/>
      </testsuite>
      <testsuite name="App\Entity\LibraryEntityTest" file="/Users/julianilsson/dbwebb-kurser/mvc/me/report/tests/Library/LibraryEntityTest.php" tests="1" assertions="7" errors="0" warnings="0" failures="0" skipped="0" time="0.001014">
        <testcase name="testSetGetLibrary" class="App\Entity\LibraryEntityTest" classname="App.Entity.LibraryEntityTest" file="/Users/julianilsson/dbwebb-kurser/mvc/me/report/tests/Library/LibraryEntityTest.php" line="16" assertions="7" time="0.001014"/>
      </testsuite>
      <testsuite name="App\Repository\LibraryRepositoryTest" file="/Users/julianilsson/dbwebb-kurser/mvc/me/report/tests/Library/LibraryObjectTest.php" tests="1" assertions="2" errors="0" warnings="0" failures="0" skipped="0" time="0.014765">
        <testcase name="testCreateLibrary" class="App\Repository\LibraryRepositoryTest" classname="App.Repository.LibraryRepositoryTest" file="/Users/julianilsson/dbwebb-kurser/mvc/me/report/tests/Library/LibraryObjectTest.php" line="18" assertions="2" time="0.014765"/>
      </testsuite>
      <testsuite name="App\Entity\ProductEntityTest" file="/Users/julianilsson/dbwebb-kurser/mvc/me/report/tests/Product/ProductEntityTest.php" tests="1" assertions="4" errors="0" warnings="0" failures="0" skipped="0" time="0.000623">
        <testcase name="testSetGetProduct" class="App\Entity\ProductEntityTest" classname="App.Entity.ProductEntityTest" file="/Users/julianilsson/dbwebb-kurser/mvc/me/report/tests/Product/ProductEntityTest.php" line="16" assertions="4" time="0.000623"/>
      </testsuite>
    </testsuite>
  </testsuite>
</testsuites>
