<?xml version="1.0" encoding="UTF-8"?>
<testsuites>
  <testsuite name="" tests="31" assertions="104" errors="0" warnings="0" failures="0" skipped="0" time="0.055074">
    <testsuite name="Project Test Suite" tests="31" assertions="104" errors="0" warnings="0" failures="0" skipped="0" time="0.055074">
      <testsuite name="App\Card\CardGraphicObjectTest" file="/Users/julianilsson/dbwebb-kurser/mvc/me/report/tests/Card/CardGraphicObjectTest.php" tests="5" assertions="10" errors="0" warnings="0" failures="0" skipped="0" time="0.009735">
        <testcase name="testgetAsStringNoValue" class="App\Card\CardGraphicObjectTest" classname="App.Card.CardGraphicObjectTest" file="/Users/julianilsson/dbwebb-kurser/mvc/me/report/tests/Card/CardGraphicObjectTest.php" line="16" assertions="2" time="0.008020"/>
        <testcase name="testgetAsStringValueRuter" class="App\Card\CardGraphicObjectTest" classname="App.Card.CardGraphicObjectTest" file="/Users/julianilsson/dbwebb-kurser/mvc/me/report/tests/Card/CardGraphicObjectTest.php" line="27" assertions="2" time="0.000784"/>
        <testcase name="testgetAsStringValueSpader" class="App\Card\CardGraphicObjectTest" classname="App.Card.CardGraphicObjectTest" file="/Users/julianilsson/dbwebb-kurser/mvc/me/report/tests/Card/CardGraphicObjectTest.php" line="41" assertions="2" time="0.000306"/>
        <testcase name="testgetAsStringValueHjarter" class="App\Card\CardGraphicObjectTest" classname="App.Card.CardGraphicObjectTest" file="/Users/julianilsson/dbwebb-kurser/mvc/me/report/tests/Card/CardGraphicObjectTest.php" line="55" assertions="2" time="0.000309"/>
        <testcase name="testgetAsStringValueKlover" class="App\Card\CardGraphicObjectTest" classname="App.Card.CardGraphicObjectTest" file="/Users/julianilsson/dbwebb-kurser/mvc/me/report/tests/Card/CardGraphicObjectTest.php" line="69" assertions="2" time="0.000317"/>
      </testsuite>
      <testsuite name="App\Card\CardHandObjectTest" file="/Users/julianilsson/dbwebb-kurser/mvc/me/report/tests/Card/CardHandObjectTest.php" tests="4" assertions="19" errors="0" warnings="0" failures="0" skipped="0" time="0.005360">
        <testcase name="testGetNumberCards" class="App\Card\CardHandObjectTest" classname="App.Card.CardHandObjectTest" file="/Users/julianilsson/dbwebb-kurser/mvc/me/report/tests/Card/CardHandObjectTest.php" line="16" assertions="3" time="0.001777"/>
        <testcase name="testBankHand" class="App\Card\CardHandObjectTest" classname="App.Card.CardHandObjectTest" file="/Users/julianilsson/dbwebb-kurser/mvc/me/report/tests/Card/CardHandObjectTest.php" line="35" assertions="3" time="0.002445"/>
        <testcase name="testGetWinner" class="App\Card\CardHandObjectTest" classname="App.Card.CardHandObjectTest" file="/Users/julianilsson/dbwebb-kurser/mvc/me/report/tests/Card/CardHandObjectTest.php" line="50" assertions="7" time="0.000785"/>
        <testcase name="testGetScoreHand" class="App\Card\CardHandObjectTest" classname="App.Card.CardHandObjectTest" file="/Users/julianilsson/dbwebb-kurser/mvc/me/report/tests/Card/CardHandObjectTest.php" line="77" assertions="6" time="0.000353"/>
      </testsuite>
      <testsuite name="App\Card\CardObjectTest" file="/Users/julianilsson/dbwebb-kurser/mvc/me/report/tests/Card/CardObjectTest.php" tests="8" assertions="23" errors="0" warnings="0" failures="0" skipped="0" time="0.002826">
        <testcase name="testStringReturned" class="App\Card\CardObjectTest" classname="App.Card.CardObjectTest" file="/Users/julianilsson/dbwebb-kurser/mvc/me/report/tests/Card/CardObjectTest.php" line="16" assertions="2" time="0.000298"/>
        <testcase name="testAddValue" class="App\Card\CardObjectTest" classname="App.Card.CardObjectTest" file="/Users/julianilsson/dbwebb-kurser/mvc/me/report/tests/Card/CardObjectTest.php" line="27" assertions="2" time="0.000286"/>
        <testcase name="testDrawCard" class="App\Card\CardObjectTest" classname="App.Card.CardObjectTest" file="/Users/julianilsson/dbwebb-kurser/mvc/me/report/tests/Card/CardObjectTest.php" line="40" assertions="2" time="0.000336"/>
        <testcase name="testDrawCards" class="App\Card\CardObjectTest" classname="App.Card.CardObjectTest" file="/Users/julianilsson/dbwebb-kurser/mvc/me/report/tests/Card/CardObjectTest.php" line="51" assertions="8" time="0.000383"/>
        <testcase name="testgetValue" class="App\Card\CardObjectTest" classname="App.Card.CardObjectTest" file="/Users/julianilsson/dbwebb-kurser/mvc/me/report/tests/Card/CardObjectTest.php" line="76" assertions="2" time="0.000297"/>
        <testcase name="testgetValueString" class="App\Card\CardObjectTest" classname="App.Card.CardObjectTest" file="/Users/julianilsson/dbwebb-kurser/mvc/me/report/tests/Card/CardObjectTest.php" line="90" assertions="2" time="0.000293"/>
        <testcase name="testgetColor" class="App\Card\CardObjectTest" classname="App.Card.CardObjectTest" file="/Users/julianilsson/dbwebb-kurser/mvc/me/report/tests/Card/CardObjectTest.php" line="104" assertions="2" time="0.000292"/>
        <testcase name="testDrawCardDeck" class="App\Card\CardObjectTest" classname="App.Card.CardObjectTest" file="/Users/julianilsson/dbwebb-kurser/mvc/me/report/tests/Card/CardObjectTest.php" line="118" assertions="3" time="0.000641"/>
      </testsuite>
      <testsuite name="App\Card\DeckOfCardsObjectTest" file="/Users/julianilsson/dbwebb-kurser/mvc/me/report/tests/Card/DeckOfCardsObjectTest.php" tests="2" assertions="8" errors="0" warnings="0" failures="0" skipped="0" time="0.005557">
        <testcase name="testShuffleDeck" class="App\Card\DeckOfCardsObjectTest" classname="App.Card.DeckOfCardsObjectTest" file="/Users/julianilsson/dbwebb-kurser/mvc/me/report/tests/Card/DeckOfCardsObjectTest.php" line="18" assertions="4" time="0.003947"/>
        <testcase name="testUpdateDeck" class="App\Card\DeckOfCardsObjectTest" classname="App.Card.DeckOfCardsObjectTest" file="/Users/julianilsson/dbwebb-kurser/mvc/me/report/tests/Card/DeckOfCardsObjectTest.php" line="36" assertions="4" time="0.001610"/>
      </testsuite>
      <testsuite name="App\Entity\LibraryEntityTest" file="/Users/julianilsson/dbwebb-kurser/mvc/me/report/tests/Library/LibraryEntityTest.php" tests="1" assertions="7" errors="0" warnings="0" failures="0" skipped="0" time="0.001615">
        <testcase name="testSetGetLibrary" class="App\Entity\LibraryEntityTest" classname="App.Entity.LibraryEntityTest" file="/Users/julianilsson/dbwebb-kurser/mvc/me/report/tests/Library/LibraryEntityTest.php" line="16" assertions="7" time="0.001615"/>
      </testsuite>
      <testsuite name="App\Repository\LibraryRepositoryTest" file="/Users/julianilsson/dbwebb-kurser/mvc/me/report/tests/Library/LibraryObjectTest.php" tests="1" assertions="2" errors="0" warnings="0" failures="0" skipped="0" time="0.019355">
        <testcase name="testCreateLibrary" class="App\Repository\LibraryRepositoryTest" classname="App.Repository.LibraryRepositoryTest" file="/Users/julianilsson/dbwebb-kurser/mvc/me/report/tests/Library/LibraryObjectTest.php" line="18" assertions="2" time="0.019355"/>
      </testsuite>
      <testsuite name="App\Entity\ProductEntityTest" file="/Users/julianilsson/dbwebb-kurser/mvc/me/report/tests/Product/ProductEntityTest.php" tests="1" assertions="4" errors="0" warnings="0" failures="0" skipped="0" time="0.000856">
        <testcase name="testSetGetProduct" class="App\Entity\ProductEntityTest" classname="App.Entity.ProductEntityTest" file="/Users/julianilsson/dbwebb-kurser/mvc/me/report/tests/Product/ProductEntityTest.php" line="16" assertions="4" time="0.000856"/>
      </testsuite>
      <testsuite name="App\Repository\ProductRepositoryTest" file="/Users/julianilsson/dbwebb-kurser/mvc/me/report/tests/Product/ProductObjectTest.php" tests="1" assertions="2" errors="0" warnings="0" failures="0" skipped="0" time="0.001048">
        <testcase name="testCreateProduct" class="App\Repository\ProductRepositoryTest" classname="App.Repository.ProductRepositoryTest" file="/Users/julianilsson/dbwebb-kurser/mvc/me/report/tests/Product/ProductObjectTest.php" line="18" assertions="2" time="0.001048"/>
      </testsuite>
      <testsuite name="App\Entity\Goal5EntityTest" file="/Users/julianilsson/dbwebb-kurser/mvc/me/report/tests/Project/Goal5EntityTest.php" tests="1" assertions="3" errors="0" warnings="0" failures="0" skipped="0" time="0.000853">
        <testcase name="testSetGetGoal5" class="App\Entity\Goal5EntityTest" classname="App.Entity.Goal5EntityTest" file="/Users/julianilsson/dbwebb-kurser/mvc/me/report/tests/Project/Goal5EntityTest.php" line="16" assertions="3" time="0.000853"/>
      </testsuite>
      <testsuite name="App\Repository\Goal5RepositoryTest" file="/Users/julianilsson/dbwebb-kurser/mvc/me/report/tests/Project/Goal5ObjectTest.php" tests="1" assertions="2" errors="0" warnings="0" failures="0" skipped="0" time="0.000924">
        <testcase name="testCreateGoal5" class="App\Repository\Goal5RepositoryTest" classname="App.Repository.Goal5RepositoryTest" file="/Users/julianilsson/dbwebb-kurser/mvc/me/report/tests/Project/Goal5ObjectTest.php" line="18" assertions="2" time="0.000924"/>
      </testsuite>
      <testsuite name="App\Entity\GoalTablesEntityTest" file="/Users/julianilsson/dbwebb-kurser/mvc/me/report/tests/Project/GoalTablesEntityTest.php" tests="1" assertions="4" errors="0" warnings="0" failures="0" skipped="0" time="0.000786">
        <testcase name="testSetGetGoalTables" class="App\Entity\GoalTablesEntityTest" classname="App.Entity.GoalTablesEntityTest" file="/Users/julianilsson/dbwebb-kurser/mvc/me/report/tests/Project/GoalTablesEntityTest.php" line="16" assertions="4" time="0.000786"/>
      </testsuite>
      <testsuite name="App\Repository\GoalTablesRepositoryTest" file="/Users/julianilsson/dbwebb-kurser/mvc/me/report/tests/Project/GoalTablesObjectTest.php" tests="1" assertions="2" errors="0" warnings="0" failures="0" skipped="0" time="0.001937">
        <testcase name="testCreateGoalTables" class="App\Repository\GoalTablesRepositoryTest" classname="App.Repository.GoalTablesRepositoryTest" file="/Users/julianilsson/dbwebb-kurser/mvc/me/report/tests/Project/GoalTablesObjectTest.php" line="18" assertions="2" time="0.001937"/>
      </testsuite>
      <testsuite name="App\Entity\MilestonesEntityTest" file="/Users/julianilsson/dbwebb-kurser/mvc/me/report/tests/Project/MilestonesEntityTest.php" tests="1" assertions="6" errors="0" warnings="0" failures="0" skipped="0" time="0.000920">
        <testcase name="testSetGetMilestones" class="App\Entity\MilestonesEntityTest" classname="App.Entity.MilestonesEntityTest" file="/Users/julianilsson/dbwebb-kurser/mvc/me/report/tests/Project/MilestonesEntityTest.php" line="16" assertions="6" time="0.000920"/>
      </testsuite>
      <testsuite name="App\Repository\MilestonesRepositoryTest" file="/Users/julianilsson/dbwebb-kurser/mvc/me/report/tests/Project/MilestonesObjectTest.php" tests="1" assertions="2" errors="0" warnings="0" failures="0" skipped="0" time="0.001273">
        <testcase name="testCreateMilestones" class="App\Repository\MilestonesRepositoryTest" classname="App.Repository.MilestonesRepositoryTest" file="/Users/julianilsson/dbwebb-kurser/mvc/me/report/tests/Project/MilestonesObjectTest.php" line="18" assertions="2" time="0.001273"/>
      </testsuite>
      <testsuite name="App\Entity\StatisticsEntityTest" file="/Users/julianilsson/dbwebb-kurser/mvc/me/report/tests/Project/StatisticsEntityTest.php" tests="1" assertions="8" errors="0" warnings="0" failures="0" skipped="0" time="0.000986">
        <testcase name="testSetGetStatistics" class="App\Entity\StatisticsEntityTest" classname="App.Entity.StatisticsEntityTest" file="/Users/julianilsson/dbwebb-kurser/mvc/me/report/tests/Project/StatisticsEntityTest.php" line="16" assertions="8" time="0.000986"/>
      </testsuite>
      <testsuite name="App\Repository\StatisticsRepositoryTest" file="/Users/julianilsson/dbwebb-kurser/mvc/me/report/tests/Project/StatisticsObjectTest.php" tests="1" assertions="2" errors="0" warnings="0" failures="0" skipped="0" time="0.001043">
        <testcase name="testCreateStatistics" class="App\Repository\StatisticsRepositoryTest" classname="App.Repository.StatisticsRepositoryTest" file="/Users/julianilsson/dbwebb-kurser/mvc/me/report/tests/Project/StatisticsObjectTest.php" line="18" assertions="2" time="0.001043"/>
      </testsuite>
    </testsuite>
  </testsuite>
</testsuites>
