<?xml version="1.0" encoding="UTF-8"?>
<testsuites>
  <testsuite name="" tests="33" assertions="89" errors="0" warnings="0" failures="0" skipped="0" time="0.521014">
    <testsuite name="Project Test Suite" tests="33" assertions="89" errors="0" warnings="0" failures="0" skipped="0" time="0.521014">
      <testsuite name="App\Card\CardGraphicObjectTest" file="/Users/julianilsson/dbwebb-kurser/mvc/me/report/tests/Card/CardGraphicObjectTest.php" tests="5" assertions="10" errors="0" warnings="0" failures="0" skipped="0" time="0.009359">
        <testcase name="testgetAsStringNoValue" class="App\Card\CardGraphicObjectTest" classname="App.Card.CardGraphicObjectTest" file="/Users/julianilsson/dbwebb-kurser/mvc/me/report/tests/Card/CardGraphicObjectTest.php" line="16" assertions="2" time="0.007713"/>
        <testcase name="testgetAsStringValueRuter" class="App\Card\CardGraphicObjectTest" classname="App.Card.CardGraphicObjectTest" file="/Users/julianilsson/dbwebb-kurser/mvc/me/report/tests/Card/CardGraphicObjectTest.php" line="27" assertions="2" time="0.000755"/>
        <testcase name="testgetAsStringValueSpader" class="App\Card\CardGraphicObjectTest" classname="App.Card.CardGraphicObjectTest" file="/Users/julianilsson/dbwebb-kurser/mvc/me/report/tests/Card/CardGraphicObjectTest.php" line="41" assertions="2" time="0.000307"/>
        <testcase name="testgetAsStringValueHjarter" class="App\Card\CardGraphicObjectTest" classname="App.Card.CardGraphicObjectTest" file="/Users/julianilsson/dbwebb-kurser/mvc/me/report/tests/Card/CardGraphicObjectTest.php" line="55" assertions="2" time="0.000288"/>
        <testcase name="testgetAsStringValueKlover" class="App\Card\CardGraphicObjectTest" classname="App.Card.CardGraphicObjectTest" file="/Users/julianilsson/dbwebb-kurser/mvc/me/report/tests/Card/CardGraphicObjectTest.php" line="69" assertions="2" time="0.000296"/>
      </testsuite>
      <testsuite name="App\Card\CardHandObjectTest" file="/Users/julianilsson/dbwebb-kurser/mvc/me/report/tests/Card/CardHandObjectTest.php" tests="4" assertions="19" errors="0" warnings="0" failures="0" skipped="0" time="0.005385">
        <testcase name="testGetNumberCards" class="App\Card\CardHandObjectTest" classname="App.Card.CardHandObjectTest" file="/Users/julianilsson/dbwebb-kurser/mvc/me/report/tests/Card/CardHandObjectTest.php" line="16" assertions="3" time="0.001770"/>
        <testcase name="testBankHand" class="App\Card\CardHandObjectTest" classname="App.Card.CardHandObjectTest" file="/Users/julianilsson/dbwebb-kurser/mvc/me/report/tests/Card/CardHandObjectTest.php" line="35" assertions="3" time="0.002486"/>
        <testcase name="testGetWinner" class="App\Card\CardHandObjectTest" classname="App.Card.CardHandObjectTest" file="/Users/julianilsson/dbwebb-kurser/mvc/me/report/tests/Card/CardHandObjectTest.php" line="50" assertions="7" time="0.000767"/>
        <testcase name="testGetScoreHand" class="App\Card\CardHandObjectTest" classname="App.Card.CardHandObjectTest" file="/Users/julianilsson/dbwebb-kurser/mvc/me/report/tests/Card/CardHandObjectTest.php" line="77" assertions="6" time="0.000363"/>
      </testsuite>
      <testsuite name="App\Card\CardObjectTest" file="/Users/julianilsson/dbwebb-kurser/mvc/me/report/tests/Card/CardObjectTest.php" tests="7" assertions="15" errors="0" warnings="0" failures="0" skipped="0" time="0.002416">
        <testcase name="testStringReturned" class="App\Card\CardObjectTest" classname="App.Card.CardObjectTest" file="/Users/julianilsson/dbwebb-kurser/mvc/me/report/tests/Card/CardObjectTest.php" line="16" assertions="2" time="0.000297"/>
        <testcase name="testAddValue" class="App\Card\CardObjectTest" classname="App.Card.CardObjectTest" file="/Users/julianilsson/dbwebb-kurser/mvc/me/report/tests/Card/CardObjectTest.php" line="27" assertions="2" time="0.000290"/>
        <testcase name="testDrawCard" class="App\Card\CardObjectTest" classname="App.Card.CardObjectTest" file="/Users/julianilsson/dbwebb-kurser/mvc/me/report/tests/Card/CardObjectTest.php" line="40" assertions="2" time="0.000307"/>
        <testcase name="testgetValue" class="App\Card\CardObjectTest" classname="App.Card.CardObjectTest" file="/Users/julianilsson/dbwebb-kurser/mvc/me/report/tests/Card/CardObjectTest.php" line="51" assertions="2" time="0.000292"/>
        <testcase name="testgetValueString" class="App\Card\CardObjectTest" classname="App.Card.CardObjectTest" file="/Users/julianilsson/dbwebb-kurser/mvc/me/report/tests/Card/CardObjectTest.php" line="65" assertions="2" time="0.000307"/>
        <testcase name="testgetColor" class="App\Card\CardObjectTest" classname="App.Card.CardObjectTest" file="/Users/julianilsson/dbwebb-kurser/mvc/me/report/tests/Card/CardObjectTest.php" line="79" assertions="2" time="0.000294"/>
        <testcase name="testDrawCardDeck" class="App\Card\CardObjectTest" classname="App.Card.CardObjectTest" file="/Users/julianilsson/dbwebb-kurser/mvc/me/report/tests/Card/CardObjectTest.php" line="93" assertions="3" time="0.000628"/>
      </testsuite>
      <testsuite name="App\Card\DeckOfCardsObjectTest" file="/Users/julianilsson/dbwebb-kurser/mvc/me/report/tests/Card/DeckOfCardsObjectTest.php" tests="2" assertions="8" errors="0" warnings="0" failures="0" skipped="0" time="0.005569">
        <testcase name="testShuffleDeck" class="App\Card\DeckOfCardsObjectTest" classname="App.Card.DeckOfCardsObjectTest" file="/Users/julianilsson/dbwebb-kurser/mvc/me/report/tests/Card/DeckOfCardsObjectTest.php" line="18" assertions="4" time="0.003907"/>
        <testcase name="testUpdateDeck" class="App\Card\DeckOfCardsObjectTest" classname="App.Card.DeckOfCardsObjectTest" file="/Users/julianilsson/dbwebb-kurser/mvc/me/report/tests/Card/DeckOfCardsObjectTest.php" line="36" assertions="4" time="0.001661"/>
      </testsuite>
      <testsuite name="App\Controller\LuckyControllerGameTest" file="/Users/julianilsson/dbwebb-kurser/mvc/me/report/tests/Card/LuckyControllerGameTest.php" tests="2" assertions="4" errors="0" warnings="0" failures="0" skipped="0" time="0.319988">
        <testcase name="testGameInit" class="App\Controller\LuckyControllerGameTest" classname="App.Controller.LuckyControllerGameTest" file="/Users/julianilsson/dbwebb-kurser/mvc/me/report/tests/Card/LuckyControllerGameTest.php" line="16" assertions="2" time="0.309441"/>
        <testcase name="testCardGame" class="App\Controller\LuckyControllerGameTest" classname="App.Controller.LuckyControllerGameTest" file="/Users/julianilsson/dbwebb-kurser/mvc/me/report/tests/Card/LuckyControllerGameTest.php" line="28" assertions="2" time="0.010547"/>
      </testsuite>
      <testsuite name="App\Controller\LibraryControllerTest" file="/Users/julianilsson/dbwebb-kurser/mvc/me/report/tests/Library/LibraryControllerTest.php" tests="3" assertions="6" errors="0" warnings="0" failures="0" skipped="0" time="0.104112">
        <testcase name="testLibraryInit" class="App\Controller\LibraryControllerTest" classname="App.Controller.LibraryControllerTest" file="/Users/julianilsson/dbwebb-kurser/mvc/me/report/tests/Library/LibraryControllerTest.php" line="17" assertions="2" time="0.008734"/>
        <testcase name="testCreateBook" class="App\Controller\LibraryControllerTest" classname="App.Controller.LibraryControllerTest" file="/Users/julianilsson/dbwebb-kurser/mvc/me/report/tests/Library/LibraryControllerTest.php" line="29" assertions="2" time="0.008948"/>
        <testcase name="testShowBooks" class="App\Controller\LibraryControllerTest" classname="App.Controller.LibraryControllerTest" file="/Users/julianilsson/dbwebb-kurser/mvc/me/report/tests/Library/LibraryControllerTest.php" line="41" assertions="2" time="0.086430"/>
      </testsuite>
      <testsuite name="App\Entity\LibraryEntityTest" file="/Users/julianilsson/dbwebb-kurser/mvc/me/report/tests/Library/LibraryEntityTest.php" tests="1" assertions="7" errors="0" warnings="0" failures="0" skipped="0" time="0.000786">
        <testcase name="testSetGetLibrary" class="App\Entity\LibraryEntityTest" classname="App.Entity.LibraryEntityTest" file="/Users/julianilsson/dbwebb-kurser/mvc/me/report/tests/Library/LibraryEntityTest.php" line="16" assertions="7" time="0.000786"/>
      </testsuite>
      <testsuite name="App\Repository\LibraryRepositoryTest" file="/Users/julianilsson/dbwebb-kurser/mvc/me/report/tests/Library/LibraryObjectTest.php" tests="1" assertions="2" errors="0" warnings="0" failures="0" skipped="0" time="0.008818">
        <testcase name="testCreateLibrary" class="App\Repository\LibraryRepositoryTest" classname="App.Repository.LibraryRepositoryTest" file="/Users/julianilsson/dbwebb-kurser/mvc/me/report/tests/Library/LibraryObjectTest.php" line="18" assertions="2" time="0.008818"/>
      </testsuite>
      <testsuite name="App\Controller\LuckyControllerTwigTest" file="/Users/julianilsson/dbwebb-kurser/mvc/me/report/tests/LuckyControllerTwigTest.php" tests="6" assertions="12" errors="0" warnings="0" failures="0" skipped="0" time="0.062661">
        <testcase name="testLucky" class="App\Controller\LuckyControllerTwigTest" classname="App.Controller.LuckyControllerTwigTest" file="/Users/julianilsson/dbwebb-kurser/mvc/me/report/tests/LuckyControllerTwigTest.php" line="17" assertions="2" time="0.008918"/>
        <testcase name="testHome" class="App\Controller\LuckyControllerTwigTest" classname="App.Controller.LuckyControllerTwigTest" file="/Users/julianilsson/dbwebb-kurser/mvc/me/report/tests/LuckyControllerTwigTest.php" line="29" assertions="2" time="0.009230"/>
        <testcase name="testAbout" class="App\Controller\LuckyControllerTwigTest" classname="App.Controller.LuckyControllerTwigTest" file="/Users/julianilsson/dbwebb-kurser/mvc/me/report/tests/LuckyControllerTwigTest.php" line="41" assertions="2" time="0.008768"/>
        <testcase name="testReport" class="App\Controller\LuckyControllerTwigTest" classname="App.Controller.LuckyControllerTwigTest" file="/Users/julianilsson/dbwebb-kurser/mvc/me/report/tests/LuckyControllerTwigTest.php" line="53" assertions="2" time="0.013540"/>
        <testcase name="testCard" class="App\Controller\LuckyControllerTwigTest" classname="App.Controller.LuckyControllerTwigTest" file="/Users/julianilsson/dbwebb-kurser/mvc/me/report/tests/LuckyControllerTwigTest.php" line="65" assertions="2" time="0.010300"/>
        <testcase name="testMetrics" class="App\Controller\LuckyControllerTwigTest" classname="App.Controller.LuckyControllerTwigTest" file="/Users/julianilsson/dbwebb-kurser/mvc/me/report/tests/LuckyControllerTwigTest.php" line="77" assertions="2" time="0.011905"/>
      </testsuite>
      <testsuite name="App\Entity\ProductEntityTest" file="/Users/julianilsson/dbwebb-kurser/mvc/me/report/tests/Product/ProductEntityTest.php" tests="1" assertions="4" errors="0" warnings="0" failures="0" skipped="0" time="0.000830">
        <testcase name="testSetGetProduct" class="App\Entity\ProductEntityTest" classname="App.Entity.ProductEntityTest" file="/Users/julianilsson/dbwebb-kurser/mvc/me/report/tests/Product/ProductEntityTest.php" line="16" assertions="4" time="0.000830"/>
      </testsuite>
      <testsuite name="App\Repository\ProductRepositoryTest" file="/Users/julianilsson/dbwebb-kurser/mvc/me/report/tests/Product/ProductObjectTest.php" tests="1" assertions="2" errors="0" warnings="0" failures="0" skipped="0" time="0.001089">
        <testcase name="testCreateProduct" class="App\Repository\ProductRepositoryTest" classname="App.Repository.ProductRepositoryTest" file="/Users/julianilsson/dbwebb-kurser/mvc/me/report/tests/Product/ProductObjectTest.php" line="18" assertions="2" time="0.001089"/>
      </testsuite>
    </testsuite>
  </testsuite>
</testsuites>
