<?xml version="1.0" encoding="UTF-8"?>
<testsuites>
  <testsuite name="" tests="35" assertions="102" errors="0" warnings="0" failures="0" skipped="0" time="0.417692">
    <testsuite name="Project Test Suite" tests="35" assertions="102" errors="0" warnings="0" failures="0" skipped="0" time="0.417692">
      <testsuite name="App\Card\CardGraphicObjectTest" file="/Users/julianilsson/dbwebb-kurser/mvc/me/report/tests/Card/CardGraphicObjectTest.php" tests="5" assertions="10" errors="0" warnings="0" failures="0" skipped="0" time="0.009093">
        <testcase name="testgetAsStringNoValue" class="App\Card\CardGraphicObjectTest" classname="App.Card.CardGraphicObjectTest" file="/Users/julianilsson/dbwebb-kurser/mvc/me/report/tests/Card/CardGraphicObjectTest.php" line="16" assertions="2" time="0.007393"/>
        <testcase name="testgetAsStringValueRuter" class="App\Card\CardGraphicObjectTest" classname="App.Card.CardGraphicObjectTest" file="/Users/julianilsson/dbwebb-kurser/mvc/me/report/tests/Card/CardGraphicObjectTest.php" line="27" assertions="2" time="0.000802"/>
        <testcase name="testgetAsStringValueSpader" class="App\Card\CardGraphicObjectTest" classname="App.Card.CardGraphicObjectTest" file="/Users/julianilsson/dbwebb-kurser/mvc/me/report/tests/Card/CardGraphicObjectTest.php" line="41" assertions="2" time="0.000317"/>
        <testcase name="testgetAsStringValueHjarter" class="App\Card\CardGraphicObjectTest" classname="App.Card.CardGraphicObjectTest" file="/Users/julianilsson/dbwebb-kurser/mvc/me/report/tests/Card/CardGraphicObjectTest.php" line="55" assertions="2" time="0.000291"/>
        <testcase name="testgetAsStringValueKlover" class="App\Card\CardGraphicObjectTest" classname="App.Card.CardGraphicObjectTest" file="/Users/julianilsson/dbwebb-kurser/mvc/me/report/tests/Card/CardGraphicObjectTest.php" line="69" assertions="2" time="0.000290"/>
      </testsuite>
      <testsuite name="App\Card\CardHandObjectTest" file="/Users/julianilsson/dbwebb-kurser/mvc/me/report/tests/Card/CardHandObjectTest.php" tests="4" assertions="19" errors="0" warnings="0" failures="0" skipped="0" time="0.004896">
        <testcase name="testGetNumberCards" class="App\Card\CardHandObjectTest" classname="App.Card.CardHandObjectTest" file="/Users/julianilsson/dbwebb-kurser/mvc/me/report/tests/Card/CardHandObjectTest.php" line="16" assertions="3" time="0.001177"/>
        <testcase name="testBankHand" class="App\Card\CardHandObjectTest" classname="App.Card.CardHandObjectTest" file="/Users/julianilsson/dbwebb-kurser/mvc/me/report/tests/Card/CardHandObjectTest.php" line="35" assertions="3" time="0.002458"/>
        <testcase name="testGetWinner" class="App\Card\CardHandObjectTest" classname="App.Card.CardHandObjectTest" file="/Users/julianilsson/dbwebb-kurser/mvc/me/report/tests/Card/CardHandObjectTest.php" line="50" assertions="7" time="0.000898"/>
        <testcase name="testGetScoreHand" class="App\Card\CardHandObjectTest" classname="App.Card.CardHandObjectTest" file="/Users/julianilsson/dbwebb-kurser/mvc/me/report/tests/Card/CardHandObjectTest.php" line="77" assertions="6" time="0.000363"/>
      </testsuite>
      <testsuite name="App\Card\CardObjectTest" file="/Users/julianilsson/dbwebb-kurser/mvc/me/report/tests/Card/CardObjectTest.php" tests="7" assertions="15" errors="0" warnings="0" failures="0" skipped="0" time="0.002393">
        <testcase name="testStringReturned" class="App\Card\CardObjectTest" classname="App.Card.CardObjectTest" file="/Users/julianilsson/dbwebb-kurser/mvc/me/report/tests/Card/CardObjectTest.php" line="16" assertions="2" time="0.000301"/>
        <testcase name="testAddValue" class="App\Card\CardObjectTest" classname="App.Card.CardObjectTest" file="/Users/julianilsson/dbwebb-kurser/mvc/me/report/tests/Card/CardObjectTest.php" line="27" assertions="2" time="0.000295"/>
        <testcase name="testDrawCard" class="App\Card\CardObjectTest" classname="App.Card.CardObjectTest" file="/Users/julianilsson/dbwebb-kurser/mvc/me/report/tests/Card/CardObjectTest.php" line="40" assertions="2" time="0.000303"/>
        <testcase name="testgetValue" class="App\Card\CardObjectTest" classname="App.Card.CardObjectTest" file="/Users/julianilsson/dbwebb-kurser/mvc/me/report/tests/Card/CardObjectTest.php" line="51" assertions="2" time="0.000289"/>
        <testcase name="testgetValueString" class="App\Card\CardObjectTest" classname="App.Card.CardObjectTest" file="/Users/julianilsson/dbwebb-kurser/mvc/me/report/tests/Card/CardObjectTest.php" line="65" assertions="2" time="0.000291"/>
        <testcase name="testgetColor" class="App\Card\CardObjectTest" classname="App.Card.CardObjectTest" file="/Users/julianilsson/dbwebb-kurser/mvc/me/report/tests/Card/CardObjectTest.php" line="79" assertions="2" time="0.000294"/>
        <testcase name="testDrawCardDeck" class="App\Card\CardObjectTest" classname="App.Card.CardObjectTest" file="/Users/julianilsson/dbwebb-kurser/mvc/me/report/tests/Card/CardObjectTest.php" line="93" assertions="3" time="0.000621"/>
      </testsuite>
      <testsuite name="App\Card\DeckOfCardsObjectTest" file="/Users/julianilsson/dbwebb-kurser/mvc/me/report/tests/Card/DeckOfCardsObjectTest.php" tests="3" assertions="9" errors="0" warnings="0" failures="0" skipped="0" time="0.006037">
        <testcase name="testShuffleDeck" class="App\Card\DeckOfCardsObjectTest" classname="App.Card.DeckOfCardsObjectTest" file="/Users/julianilsson/dbwebb-kurser/mvc/me/report/tests/Card/DeckOfCardsObjectTest.php" line="17" assertions="3" time="0.003885"/>
        <testcase name="testNumberCards" class="App\Card\DeckOfCardsObjectTest" classname="App.Card.DeckOfCardsObjectTest" file="/Users/julianilsson/dbwebb-kurser/mvc/me/report/tests/Card/DeckOfCardsObjectTest.php" line="33" assertions="2" time="0.000533"/>
        <testcase name="testUpdateDeck" class="App\Card\DeckOfCardsObjectTest" classname="App.Card.DeckOfCardsObjectTest" file="/Users/julianilsson/dbwebb-kurser/mvc/me/report/tests/Card/DeckOfCardsObjectTest.php" line="46" assertions="4" time="0.001619"/>
      </testsuite>
      <testsuite name="App\Controller\LuckyControllerGameTest" file="/Users/julianilsson/dbwebb-kurser/mvc/me/report/tests/Card/LuckyControllerGameTest.php" tests="2" assertions="6" errors="0" warnings="0" failures="0" skipped="0" time="0.223327">
        <testcase name="testGameInit" class="App\Controller\LuckyControllerGameTest" classname="App.Controller.LuckyControllerGameTest" file="/Users/julianilsson/dbwebb-kurser/mvc/me/report/tests/Card/LuckyControllerGameTest.php" line="17" assertions="3" time="0.213418"/>
        <testcase name="testCardGame" class="App\Controller\LuckyControllerGameTest" classname="App.Controller.LuckyControllerGameTest" file="/Users/julianilsson/dbwebb-kurser/mvc/me/report/tests/Card/LuckyControllerGameTest.php" line="30" assertions="3" time="0.009909"/>
      </testsuite>
      <testsuite name="App\Controller\LibraryControllerTest" file="/Users/julianilsson/dbwebb-kurser/mvc/me/report/tests/Library/LibraryControllerTest.php" tests="3" assertions="9" errors="0" warnings="0" failures="0" skipped="0" time="0.089379">
        <testcase name="testLibraryInit" class="App\Controller\LibraryControllerTest" classname="App.Controller.LibraryControllerTest" file="/Users/julianilsson/dbwebb-kurser/mvc/me/report/tests/Library/LibraryControllerTest.php" line="17" assertions="3" time="0.007685"/>
        <testcase name="testCreateBook" class="App\Controller\LibraryControllerTest" classname="App.Controller.LibraryControllerTest" file="/Users/julianilsson/dbwebb-kurser/mvc/me/report/tests/Library/LibraryControllerTest.php" line="30" assertions="3" time="0.008612"/>
        <testcase name="testShowBooks" class="App\Controller\LibraryControllerTest" classname="App.Controller.LibraryControllerTest" file="/Users/julianilsson/dbwebb-kurser/mvc/me/report/tests/Library/LibraryControllerTest.php" line="43" assertions="3" time="0.073082"/>
      </testsuite>
      <testsuite name="App\Entity\LibraryEntityTest" file="/Users/julianilsson/dbwebb-kurser/mvc/me/report/tests/Library/LibraryEntityTest.php" tests="1" assertions="7" errors="0" warnings="0" failures="0" skipped="0" time="0.000740">
        <testcase name="testSetGetLibrary" class="App\Entity\LibraryEntityTest" classname="App.Entity.LibraryEntityTest" file="/Users/julianilsson/dbwebb-kurser/mvc/me/report/tests/Library/LibraryEntityTest.php" line="16" assertions="7" time="0.000740"/>
      </testsuite>
      <testsuite name="App\Repository\LibraryRepositoryTest" file="/Users/julianilsson/dbwebb-kurser/mvc/me/report/tests/Library/LibraryObjectTest.php" tests="1" assertions="2" errors="0" warnings="0" failures="0" skipped="0" time="0.008973">
        <testcase name="testCreateLibrary" class="App\Repository\LibraryRepositoryTest" classname="App.Repository.LibraryRepositoryTest" file="/Users/julianilsson/dbwebb-kurser/mvc/me/report/tests/Library/LibraryObjectTest.php" line="18" assertions="2" time="0.008973"/>
      </testsuite>
      <testsuite name="App\Controller\LuckyControllerTwigTest" file="/Users/julianilsson/dbwebb-kurser/mvc/me/report/tests/LuckyControllerTwigTest.php" tests="6" assertions="18" errors="0" warnings="0" failures="0" skipped="0" time="0.062835">
        <testcase name="testLucky" class="App\Controller\LuckyControllerTwigTest" classname="App.Controller.LuckyControllerTwigTest" file="/Users/julianilsson/dbwebb-kurser/mvc/me/report/tests/LuckyControllerTwigTest.php" line="17" assertions="3" time="0.008114"/>
        <testcase name="testHome" class="App\Controller\LuckyControllerTwigTest" classname="App.Controller.LuckyControllerTwigTest" file="/Users/julianilsson/dbwebb-kurser/mvc/me/report/tests/LuckyControllerTwigTest.php" line="30" assertions="3" time="0.008410"/>
        <testcase name="testAbout" class="App\Controller\LuckyControllerTwigTest" classname="App.Controller.LuckyControllerTwigTest" file="/Users/julianilsson/dbwebb-kurser/mvc/me/report/tests/LuckyControllerTwigTest.php" line="43" assertions="3" time="0.008703"/>
        <testcase name="testReport" class="App\Controller\LuckyControllerTwigTest" classname="App.Controller.LuckyControllerTwigTest" file="/Users/julianilsson/dbwebb-kurser/mvc/me/report/tests/LuckyControllerTwigTest.php" line="56" assertions="3" time="0.013688"/>
        <testcase name="testCard" class="App\Controller\LuckyControllerTwigTest" classname="App.Controller.LuckyControllerTwigTest" file="/Users/julianilsson/dbwebb-kurser/mvc/me/report/tests/LuckyControllerTwigTest.php" line="69" assertions="3" time="0.013669"/>
        <testcase name="testMetrics" class="App\Controller\LuckyControllerTwigTest" classname="App.Controller.LuckyControllerTwigTest" file="/Users/julianilsson/dbwebb-kurser/mvc/me/report/tests/LuckyControllerTwigTest.php" line="82" assertions="3" time="0.010251"/>
      </testsuite>
      <testsuite name="App\Controller\ProductControllerTest" file="/Users/julianilsson/dbwebb-kurser/mvc/me/report/tests/Product/ProductControllerTest.php" tests="1" assertions="1" errors="0" warnings="0" failures="0" skipped="0" time="0.008358">
        <testcase name="testProductInit" class="App\Controller\ProductControllerTest" classname="App.Controller.ProductControllerTest" file="/Users/julianilsson/dbwebb-kurser/mvc/me/report/tests/Product/ProductControllerTest.php" line="17" assertions="1" time="0.008358"/>
      </testsuite>
      <testsuite name="App\Entity\ProductEntityTest" file="/Users/julianilsson/dbwebb-kurser/mvc/me/report/tests/Product/ProductEntityTest.php" tests="1" assertions="4" errors="0" warnings="0" failures="0" skipped="0" time="0.000717">
        <testcase name="testSetGetProduct" class="App\Entity\ProductEntityTest" classname="App.Entity.ProductEntityTest" file="/Users/julianilsson/dbwebb-kurser/mvc/me/report/tests/Product/ProductEntityTest.php" line="16" assertions="4" time="0.000717"/>
      </testsuite>
      <testsuite name="App\Repository\ProductRepositoryTest" file="/Users/julianilsson/dbwebb-kurser/mvc/me/report/tests/Product/ProductObjectTest.php" tests="1" assertions="2" errors="0" warnings="0" failures="0" skipped="0" time="0.000944">
        <testcase name="testCreateProduct" class="App\Repository\ProductRepositoryTest" classname="App.Repository.ProductRepositoryTest" file="/Users/julianilsson/dbwebb-kurser/mvc/me/report/tests/Product/ProductObjectTest.php" line="18" assertions="2" time="0.000944"/>
      </testsuite>
    </testsuite>
  </testsuite>
</testsuites>
