<?xml version="1.0" encoding="UTF-8"?>
<testsuites>
  <testsuite name="" tests="23" assertions="75" errors="0" warnings="0" failures="0" skipped="0" time="0.042111">
    <testsuite name="Project Test Suite" tests="23" assertions="75" errors="0" warnings="0" failures="0" skipped="0" time="0.042111">
      <testsuite name="App\Card\CardGraphicObjectTest" file="/Users/julianilsson/dbwebb-kurser/mvc/me/report/tests/Card/CardGraphicObjectTest.php" tests="5" assertions="10" errors="0" warnings="0" failures="0" skipped="0" time="0.009080">
        <testcase name="testgetAsStringNoValue" class="App\Card\CardGraphicObjectTest" classname="App.Card.CardGraphicObjectTest" file="/Users/julianilsson/dbwebb-kurser/mvc/me/report/tests/Card/CardGraphicObjectTest.php" line="16" assertions="2" time="0.007400"/>
        <testcase name="testgetAsStringValueRuter" class="App\Card\CardGraphicObjectTest" classname="App.Card.CardGraphicObjectTest" file="/Users/julianilsson/dbwebb-kurser/mvc/me/report/tests/Card/CardGraphicObjectTest.php" line="27" assertions="2" time="0.000767"/>
        <testcase name="testgetAsStringValueSpader" class="App\Card\CardGraphicObjectTest" classname="App.Card.CardGraphicObjectTest" file="/Users/julianilsson/dbwebb-kurser/mvc/me/report/tests/Card/CardGraphicObjectTest.php" line="41" assertions="2" time="0.000308"/>
        <testcase name="testgetAsStringValueHjarter" class="App\Card\CardGraphicObjectTest" classname="App.Card.CardGraphicObjectTest" file="/Users/julianilsson/dbwebb-kurser/mvc/me/report/tests/Card/CardGraphicObjectTest.php" line="55" assertions="2" time="0.000303"/>
        <testcase name="testgetAsStringValueKlover" class="App\Card\CardGraphicObjectTest" classname="App.Card.CardGraphicObjectTest" file="/Users/julianilsson/dbwebb-kurser/mvc/me/report/tests/Card/CardGraphicObjectTest.php" line="69" assertions="2" time="0.000302"/>
      </testsuite>
      <testsuite name="App\Card\CardHandObjectTest" file="/Users/julianilsson/dbwebb-kurser/mvc/me/report/tests/Card/CardHandObjectTest.php" tests="4" assertions="19" errors="0" warnings="0" failures="0" skipped="0" time="0.004999">
        <testcase name="testGetNumberCards" class="App\Card\CardHandObjectTest" classname="App.Card.CardHandObjectTest" file="/Users/julianilsson/dbwebb-kurser/mvc/me/report/tests/Card/CardHandObjectTest.php" line="16" assertions="3" time="0.001224"/>
        <testcase name="testBankHand" class="App\Card\CardHandObjectTest" classname="App.Card.CardHandObjectTest" file="/Users/julianilsson/dbwebb-kurser/mvc/me/report/tests/Card/CardHandObjectTest.php" line="35" assertions="3" time="0.002621"/>
        <testcase name="testGetWinner" class="App\Card\CardHandObjectTest" classname="App.Card.CardHandObjectTest" file="/Users/julianilsson/dbwebb-kurser/mvc/me/report/tests/Card/CardHandObjectTest.php" line="50" assertions="7" time="0.000792"/>
        <testcase name="testGetScoreHand" class="App\Card\CardHandObjectTest" classname="App.Card.CardHandObjectTest" file="/Users/julianilsson/dbwebb-kurser/mvc/me/report/tests/Card/CardHandObjectTest.php" line="77" assertions="6" time="0.000362"/>
      </testsuite>
      <testsuite name="App\Card\CardObjectTest" file="/Users/julianilsson/dbwebb-kurser/mvc/me/report/tests/Card/CardObjectTest.php" tests="8" assertions="23" errors="0" warnings="0" failures="0" skipped="0" time="0.002810">
        <testcase name="testStringReturned" class="App\Card\CardObjectTest" classname="App.Card.CardObjectTest" file="/Users/julianilsson/dbwebb-kurser/mvc/me/report/tests/Card/CardObjectTest.php" line="16" assertions="2" time="0.000300"/>
        <testcase name="testAddValue" class="App\Card\CardObjectTest" classname="App.Card.CardObjectTest" file="/Users/julianilsson/dbwebb-kurser/mvc/me/report/tests/Card/CardObjectTest.php" line="27" assertions="2" time="0.000298"/>
        <testcase name="testDrawCard" class="App\Card\CardObjectTest" classname="App.Card.CardObjectTest" file="/Users/julianilsson/dbwebb-kurser/mvc/me/report/tests/Card/CardObjectTest.php" line="40" assertions="2" time="0.000310"/>
        <testcase name="testDrawCards" class="App\Card\CardObjectTest" classname="App.Card.CardObjectTest" file="/Users/julianilsson/dbwebb-kurser/mvc/me/report/tests/Card/CardObjectTest.php" line="51" assertions="8" time="0.000380"/>
        <testcase name="testgetValue" class="App\Card\CardObjectTest" classname="App.Card.CardObjectTest" file="/Users/julianilsson/dbwebb-kurser/mvc/me/report/tests/Card/CardObjectTest.php" line="76" assertions="2" time="0.000324"/>
        <testcase name="testgetValueString" class="App\Card\CardObjectTest" classname="App.Card.CardObjectTest" file="/Users/julianilsson/dbwebb-kurser/mvc/me/report/tests/Card/CardObjectTest.php" line="90" assertions="2" time="0.000304"/>
        <testcase name="testgetColor" class="App\Card\CardObjectTest" classname="App.Card.CardObjectTest" file="/Users/julianilsson/dbwebb-kurser/mvc/me/report/tests/Card/CardObjectTest.php" line="104" assertions="2" time="0.000278"/>
        <testcase name="testDrawCardDeck" class="App\Card\CardObjectTest" classname="App.Card.CardObjectTest" file="/Users/julianilsson/dbwebb-kurser/mvc/me/report/tests/Card/CardObjectTest.php" line="118" assertions="3" time="0.000614"/>
      </testsuite>
      <testsuite name="App\Card\DeckOfCardsObjectTest" file="/Users/julianilsson/dbwebb-kurser/mvc/me/report/tests/Card/DeckOfCardsObjectTest.php" tests="2" assertions="8" errors="0" warnings="0" failures="0" skipped="0" time="0.005486">
        <testcase name="testShuffleDeck" class="App\Card\DeckOfCardsObjectTest" classname="App.Card.DeckOfCardsObjectTest" file="/Users/julianilsson/dbwebb-kurser/mvc/me/report/tests/Card/DeckOfCardsObjectTest.php" line="18" assertions="4" time="0.003865"/>
        <testcase name="testUpdateDeck" class="App\Card\DeckOfCardsObjectTest" classname="App.Card.DeckOfCardsObjectTest" file="/Users/julianilsson/dbwebb-kurser/mvc/me/report/tests/Card/DeckOfCardsObjectTest.php" line="36" assertions="4" time="0.001621"/>
      </testsuite>
      <testsuite name="App\Entity\LibraryEntityTest" file="/Users/julianilsson/dbwebb-kurser/mvc/me/report/tests/Library/LibraryEntityTest.php" tests="1" assertions="7" errors="0" warnings="0" failures="0" skipped="0" time="0.000956">
        <testcase name="testSetGetLibrary" class="App\Entity\LibraryEntityTest" classname="App.Entity.LibraryEntityTest" file="/Users/julianilsson/dbwebb-kurser/mvc/me/report/tests/Library/LibraryEntityTest.php" line="16" assertions="7" time="0.000956"/>
      </testsuite>
      <testsuite name="App\Repository\LibraryRepositoryTest" file="/Users/julianilsson/dbwebb-kurser/mvc/me/report/tests/Library/LibraryObjectTest.php" tests="1" assertions="2" errors="0" warnings="0" failures="0" skipped="0" time="0.017357">
        <testcase name="testCreateLibrary" class="App\Repository\LibraryRepositoryTest" classname="App.Repository.LibraryRepositoryTest" file="/Users/julianilsson/dbwebb-kurser/mvc/me/report/tests/Library/LibraryObjectTest.php" line="18" assertions="2" time="0.017357"/>
      </testsuite>
      <testsuite name="App\Entity\ProductEntityTest" file="/Users/julianilsson/dbwebb-kurser/mvc/me/report/tests/Product/ProductEntityTest.php" tests="1" assertions="4" errors="0" warnings="0" failures="0" skipped="0" time="0.000592">
        <testcase name="testSetGetProduct" class="App\Entity\ProductEntityTest" classname="App.Entity.ProductEntityTest" file="/Users/julianilsson/dbwebb-kurser/mvc/me/report/tests/Product/ProductEntityTest.php" line="16" assertions="4" time="0.000592"/>
      </testsuite>
      <testsuite name="App\Repository\ProductRepositoryTest" file="/Users/julianilsson/dbwebb-kurser/mvc/me/report/tests/Product/ProductObjectTest.php" tests="1" assertions="2" errors="0" warnings="0" failures="0" skipped="0" time="0.000832">
        <testcase name="testCreateProduct" class="App\Repository\ProductRepositoryTest" classname="App.Repository.ProductRepositoryTest" file="/Users/julianilsson/dbwebb-kurser/mvc/me/report/tests/Product/ProductObjectTest.php" line="18" assertions="2" time="0.000832"/>
      </testsuite>
    </testsuite>
  </testsuite>
</testsuites>
