<?xml version="1.0" encoding="UTF-8"?>
<testsuites>
  <testsuite name="" tests="34" assertions="101" errors="0" warnings="0" failures="0" skipped="0" time="0.504315">
    <testsuite name="Project Test Suite" tests="34" assertions="101" errors="0" warnings="0" failures="0" skipped="0" time="0.504315">
      <testsuite name="App\Card\CardGraphicObjectTest" file="/Users/julianilsson/dbwebb-kurser/mvc/me/report/tests/Card/CardGraphicObjectTest.php" tests="5" assertions="10" errors="0" warnings="0" failures="0" skipped="0" time="0.009370">
        <testcase name="testgetAsStringNoValue" class="App\Card\CardGraphicObjectTest" classname="App.Card.CardGraphicObjectTest" file="/Users/julianilsson/dbwebb-kurser/mvc/me/report/tests/Card/CardGraphicObjectTest.php" line="16" assertions="2" time="0.007664"/>
        <testcase name="testgetAsStringValueRuter" class="App\Card\CardGraphicObjectTest" classname="App.Card.CardGraphicObjectTest" file="/Users/julianilsson/dbwebb-kurser/mvc/me/report/tests/Card/CardGraphicObjectTest.php" line="27" assertions="2" time="0.000816"/>
        <testcase name="testgetAsStringValueSpader" class="App\Card\CardGraphicObjectTest" classname="App.Card.CardGraphicObjectTest" file="/Users/julianilsson/dbwebb-kurser/mvc/me/report/tests/Card/CardGraphicObjectTest.php" line="41" assertions="2" time="0.000306"/>
        <testcase name="testgetAsStringValueHjarter" class="App\Card\CardGraphicObjectTest" classname="App.Card.CardGraphicObjectTest" file="/Users/julianilsson/dbwebb-kurser/mvc/me/report/tests/Card/CardGraphicObjectTest.php" line="55" assertions="2" time="0.000293"/>
        <testcase name="testgetAsStringValueKlover" class="App\Card\CardGraphicObjectTest" classname="App.Card.CardGraphicObjectTest" file="/Users/julianilsson/dbwebb-kurser/mvc/me/report/tests/Card/CardGraphicObjectTest.php" line="69" assertions="2" time="0.000291"/>
      </testsuite>
      <testsuite name="App\Card\CardHandObjectTest" file="/Users/julianilsson/dbwebb-kurser/mvc/me/report/tests/Card/CardHandObjectTest.php" tests="4" assertions="19" errors="0" warnings="0" failures="0" skipped="0" time="0.004924">
        <testcase name="testGetNumberCards" class="App\Card\CardHandObjectTest" classname="App.Card.CardHandObjectTest" file="/Users/julianilsson/dbwebb-kurser/mvc/me/report/tests/Card/CardHandObjectTest.php" line="16" assertions="3" time="0.001397"/>
        <testcase name="testBankHand" class="App\Card\CardHandObjectTest" classname="App.Card.CardHandObjectTest" file="/Users/julianilsson/dbwebb-kurser/mvc/me/report/tests/Card/CardHandObjectTest.php" line="35" assertions="3" time="0.002316"/>
        <testcase name="testGetWinner" class="App\Card\CardHandObjectTest" classname="App.Card.CardHandObjectTest" file="/Users/julianilsson/dbwebb-kurser/mvc/me/report/tests/Card/CardHandObjectTest.php" line="50" assertions="7" time="0.000859"/>
        <testcase name="testGetScoreHand" class="App\Card\CardHandObjectTest" classname="App.Card.CardHandObjectTest" file="/Users/julianilsson/dbwebb-kurser/mvc/me/report/tests/Card/CardHandObjectTest.php" line="77" assertions="6" time="0.000352"/>
      </testsuite>
      <testsuite name="App\Card\CardObjectTest" file="/Users/julianilsson/dbwebb-kurser/mvc/me/report/tests/Card/CardObjectTest.php" tests="7" assertions="15" errors="0" warnings="0" failures="0" skipped="0" time="0.002355">
        <testcase name="testStringReturned" class="App\Card\CardObjectTest" classname="App.Card.CardObjectTest" file="/Users/julianilsson/dbwebb-kurser/mvc/me/report/tests/Card/CardObjectTest.php" line="16" assertions="2" time="0.000289"/>
        <testcase name="testAddValue" class="App\Card\CardObjectTest" classname="App.Card.CardObjectTest" file="/Users/julianilsson/dbwebb-kurser/mvc/me/report/tests/Card/CardObjectTest.php" line="27" assertions="2" time="0.000288"/>
        <testcase name="testDrawCard" class="App\Card\CardObjectTest" classname="App.Card.CardObjectTest" file="/Users/julianilsson/dbwebb-kurser/mvc/me/report/tests/Card/CardObjectTest.php" line="40" assertions="2" time="0.000300"/>
        <testcase name="testgetValue" class="App\Card\CardObjectTest" classname="App.Card.CardObjectTest" file="/Users/julianilsson/dbwebb-kurser/mvc/me/report/tests/Card/CardObjectTest.php" line="51" assertions="2" time="0.000292"/>
        <testcase name="testgetValueString" class="App\Card\CardObjectTest" classname="App.Card.CardObjectTest" file="/Users/julianilsson/dbwebb-kurser/mvc/me/report/tests/Card/CardObjectTest.php" line="65" assertions="2" time="0.000291"/>
        <testcase name="testgetColor" class="App\Card\CardObjectTest" classname="App.Card.CardObjectTest" file="/Users/julianilsson/dbwebb-kurser/mvc/me/report/tests/Card/CardObjectTest.php" line="79" assertions="2" time="0.000285"/>
        <testcase name="testDrawCardDeck" class="App\Card\CardObjectTest" classname="App.Card.CardObjectTest" file="/Users/julianilsson/dbwebb-kurser/mvc/me/report/tests/Card/CardObjectTest.php" line="93" assertions="3" time="0.000611"/>
      </testsuite>
      <testsuite name="App\Card\DeckOfCardsObjectTest" file="/Users/julianilsson/dbwebb-kurser/mvc/me/report/tests/Card/DeckOfCardsObjectTest.php" tests="2" assertions="8" errors="0" warnings="0" failures="0" skipped="0" time="0.005726">
        <testcase name="testShuffleDeck" class="App\Card\DeckOfCardsObjectTest" classname="App.Card.DeckOfCardsObjectTest" file="/Users/julianilsson/dbwebb-kurser/mvc/me/report/tests/Card/DeckOfCardsObjectTest.php" line="18" assertions="4" time="0.004067"/>
        <testcase name="testUpdateDeck" class="App\Card\DeckOfCardsObjectTest" classname="App.Card.DeckOfCardsObjectTest" file="/Users/julianilsson/dbwebb-kurser/mvc/me/report/tests/Card/DeckOfCardsObjectTest.php" line="36" assertions="4" time="0.001659"/>
      </testsuite>
      <testsuite name="App\Controller\LuckyControllerGameTest" file="/Users/julianilsson/dbwebb-kurser/mvc/me/report/tests/Card/LuckyControllerGameTest.php" tests="2" assertions="6" errors="0" warnings="0" failures="0" skipped="0" time="0.294451">
        <testcase name="testGameInit" class="App\Controller\LuckyControllerGameTest" classname="App.Controller.LuckyControllerGameTest" file="/Users/julianilsson/dbwebb-kurser/mvc/me/report/tests/Card/LuckyControllerGameTest.php" line="16" assertions="3" time="0.283829"/>
        <testcase name="testCardGame" class="App\Controller\LuckyControllerGameTest" classname="App.Controller.LuckyControllerGameTest" file="/Users/julianilsson/dbwebb-kurser/mvc/me/report/tests/Card/LuckyControllerGameTest.php" line="29" assertions="3" time="0.010622"/>
      </testsuite>
      <testsuite name="App\Controller\LibraryControllerTest" file="/Users/julianilsson/dbwebb-kurser/mvc/me/report/tests/Library/LibraryControllerTest.php" tests="3" assertions="9" errors="0" warnings="0" failures="0" skipped="0" time="0.102295">
        <testcase name="testLibraryInit" class="App\Controller\LibraryControllerTest" classname="App.Controller.LibraryControllerTest" file="/Users/julianilsson/dbwebb-kurser/mvc/me/report/tests/Library/LibraryControllerTest.php" line="17" assertions="3" time="0.008703"/>
        <testcase name="testCreateBook" class="App\Controller\LibraryControllerTest" classname="App.Controller.LibraryControllerTest" file="/Users/julianilsson/dbwebb-kurser/mvc/me/report/tests/Library/LibraryControllerTest.php" line="30" assertions="3" time="0.008977"/>
        <testcase name="testShowBooks" class="App\Controller\LibraryControllerTest" classname="App.Controller.LibraryControllerTest" file="/Users/julianilsson/dbwebb-kurser/mvc/me/report/tests/Library/LibraryControllerTest.php" line="43" assertions="3" time="0.084614"/>
      </testsuite>
      <testsuite name="App\Entity\LibraryEntityTest" file="/Users/julianilsson/dbwebb-kurser/mvc/me/report/tests/Library/LibraryEntityTest.php" tests="1" assertions="7" errors="0" warnings="0" failures="0" skipped="0" time="0.000844">
        <testcase name="testSetGetLibrary" class="App\Entity\LibraryEntityTest" classname="App.Entity.LibraryEntityTest" file="/Users/julianilsson/dbwebb-kurser/mvc/me/report/tests/Library/LibraryEntityTest.php" line="16" assertions="7" time="0.000844"/>
      </testsuite>
      <testsuite name="App\Repository\LibraryRepositoryTest" file="/Users/julianilsson/dbwebb-kurser/mvc/me/report/tests/Library/LibraryObjectTest.php" tests="1" assertions="2" errors="0" warnings="0" failures="0" skipped="0" time="0.009552">
        <testcase name="testCreateLibrary" class="App\Repository\LibraryRepositoryTest" classname="App.Repository.LibraryRepositoryTest" file="/Users/julianilsson/dbwebb-kurser/mvc/me/report/tests/Library/LibraryObjectTest.php" line="18" assertions="2" time="0.009552"/>
      </testsuite>
      <testsuite name="App\Controller\LuckyControllerTwigTest" file="/Users/julianilsson/dbwebb-kurser/mvc/me/report/tests/LuckyControllerTwigTest.php" tests="6" assertions="18" errors="0" warnings="0" failures="0" skipped="0" time="0.063200">
        <testcase name="testLucky" class="App\Controller\LuckyControllerTwigTest" classname="App.Controller.LuckyControllerTwigTest" file="/Users/julianilsson/dbwebb-kurser/mvc/me/report/tests/LuckyControllerTwigTest.php" line="17" assertions="3" time="0.009440"/>
        <testcase name="testHome" class="App\Controller\LuckyControllerTwigTest" classname="App.Controller.LuckyControllerTwigTest" file="/Users/julianilsson/dbwebb-kurser/mvc/me/report/tests/LuckyControllerTwigTest.php" line="30" assertions="3" time="0.009423"/>
        <testcase name="testAbout" class="App\Controller\LuckyControllerTwigTest" classname="App.Controller.LuckyControllerTwigTest" file="/Users/julianilsson/dbwebb-kurser/mvc/me/report/tests/LuckyControllerTwigTest.php" line="43" assertions="3" time="0.008894"/>
        <testcase name="testReport" class="App\Controller\LuckyControllerTwigTest" classname="App.Controller.LuckyControllerTwigTest" file="/Users/julianilsson/dbwebb-kurser/mvc/me/report/tests/LuckyControllerTwigTest.php" line="56" assertions="3" time="0.013686"/>
        <testcase name="testCard" class="App\Controller\LuckyControllerTwigTest" classname="App.Controller.LuckyControllerTwigTest" file="/Users/julianilsson/dbwebb-kurser/mvc/me/report/tests/LuckyControllerTwigTest.php" line="69" assertions="3" time="0.010162"/>
        <testcase name="testMetrics" class="App\Controller\LuckyControllerTwigTest" classname="App.Controller.LuckyControllerTwigTest" file="/Users/julianilsson/dbwebb-kurser/mvc/me/report/tests/LuckyControllerTwigTest.php" line="82" assertions="3" time="0.011596"/>
      </testsuite>
      <testsuite name="App\Controller\ProductControllerTest" file="/Users/julianilsson/dbwebb-kurser/mvc/me/report/tests/Product/ProductControllerTest.php" tests="1" assertions="1" errors="0" warnings="0" failures="0" skipped="0" time="0.009799">
        <testcase name="testProductInit" class="App\Controller\ProductControllerTest" classname="App.Controller.ProductControllerTest" file="/Users/julianilsson/dbwebb-kurser/mvc/me/report/tests/Product/ProductControllerTest.php" line="17" assertions="1" time="0.009799"/>
      </testsuite>
      <testsuite name="App\Entity\ProductEntityTest" file="/Users/julianilsson/dbwebb-kurser/mvc/me/report/tests/Product/ProductEntityTest.php" tests="1" assertions="4" errors="0" warnings="0" failures="0" skipped="0" time="0.000821">
        <testcase name="testSetGetProduct" class="App\Entity\ProductEntityTest" classname="App.Entity.ProductEntityTest" file="/Users/julianilsson/dbwebb-kurser/mvc/me/report/tests/Product/ProductEntityTest.php" line="16" assertions="4" time="0.000821"/>
      </testsuite>
      <testsuite name="App\Repository\ProductRepositoryTest" file="/Users/julianilsson/dbwebb-kurser/mvc/me/report/tests/Product/ProductObjectTest.php" tests="1" assertions="2" errors="0" warnings="0" failures="0" skipped="0" time="0.000978">
        <testcase name="testCreateProduct" class="App\Repository\ProductRepositoryTest" classname="App.Repository.ProductRepositoryTest" file="/Users/julianilsson/dbwebb-kurser/mvc/me/report/tests/Product/ProductObjectTest.php" line="18" assertions="2" time="0.000978"/>
      </testsuite>
    </testsuite>
  </testsuite>
</testsuites>
